<?xml version="1.0" encoding="UTF-8"?>
<testsuite name="com.example.debuggingdemonsapp.TagUnitTest" tests="2" skipped="0" failures="0" errors="0" timestamp="2023-11-09T06:11:22" hostname="Elijahs-MacBook-Air.local" time="0.001">
  <properties/>
  <testcase name="testGetName" classname="com.example.debuggingdemonsapp.TagUnitTest" time="0.0"/>
  <testcase name="testSetName" classname="com.example.debuggingdemonsapp.TagUnitTest" time="0.0"/>
  <system-out><![CDATA[]]></system-out>
  <system-err><![CDATA[]]></system-err>
</testsuite>
